[01:52:37] [main/INFO] (FabricLoader/GameProvider) Loading Minecraft 1.19.2 with Fabric Loader 0.14.21
[01:52:37] [main/INFO] (FabricLoader) Loading 48 mods:
	- fabric-api 0.76.0+1.19.2
	- fabric-api-base 0.4.15+8f4e8eb390
	- fabric-api-lookup-api-v1 1.6.14+93d8cb8290
	- fabric-biome-api-v1 9.1.1+16f1e31390
	- fabric-block-api-v1 1.0.2+e415d50e90
	- fabric-blockrenderlayer-v1 1.1.25+cafc6e8e90
	- fabric-client-tags-api-v1 1.0.5+b35fea8390
	- fabric-command-api-v2 2.2.1+413cbbc790
	- fabric-content-registries-v0 3.5.2+7c6cd14d90
	- fabric-convention-tags-v1 1.3.0+4bc6e26290
	- fabric-crash-report-info-v1 0.2.8+aeb40ebe90
	- fabric-data-generation-api-v1 5.3.8+413cbbc790
	- fabric-dimensions-v1 2.1.35+0d0f210290
	- fabric-entity-events-v1 1.5.4+9244241690
	- fabric-events-interaction-v0 0.4.34+562bff6e90
	- fabric-game-rule-api-v1 1.0.24+b6b6abb490
	- fabric-gametest-api-v1 1.1.8+4d0d570390
	- fabric-item-api-v1 1.6.6+b7d1888890
	- fabric-item-groups-v0 0.3.39+9244241690
	- fabric-key-binding-api-v1 1.0.25+5c4fce2890
	- fabric-lifecycle-events-v1 2.2.4+1b46dc7890
	- fabric-loot-api-v2 1.1.13+83a8659290
	- fabric-message-api-v1 5.0.7+93d8cb8290
	- fabric-mining-level-api-v1 2.1.24+33fbc73890
	- fabric-models-v0 0.3.21+c6af733c90
	- fabric-networking-api-v1 1.2.11+10eb22f490
	- fabric-object-builder-api-v1 4.2.2+d8ef690890
	- fabric-particles-v1 1.0.14+4d0d570390
	- fabric-recipe-api-v1 1.0.1+413cbbc790
	- fabric-registry-sync-v0 0.9.32+9244241690
	- fabric-renderer-api-v1 1.2.1+1adbf27790
	- fabric-renderer-indigo 0.8.0+1adbf27790
	- fabric-rendering-data-attachment-v1 0.3.19+6e0787e690
	- fabric-rendering-fluids-v1 3.0.11+4d0d570390
	- fabric-rendering-v1 1.12.1+d8ef690890
	- fabric-resource-conditions-api-v1 2.1.2+aae9039d90
	- fabric-resource-loader-v0 0.8.4+edbdcddb90
	- fabric-screen-api-v1 1.0.32+4d0d570390
	- fabric-screen-handler-api-v1 1.3.7+1cc24b1b90
	- fabric-sound-api-v1 1.0.2+c4f28df590
	- fabric-textures-v0 1.0.24+aeb40ebe90
	- fabric-transfer-api-v1 2.1.6+413cbbc790
	- fabric-transitive-access-wideners-v1 1.3.3+08b73de490
	- fabricloader 0.14.21
	- generated_66d0ee7 1.0.0
	- java 17
	- minecraft 1.19.2
	- tiabremastered 1.0
[01:52:37] [main/INFO] (FabricLoader/Mixin) SpongePowered MIXIN Subsystem Version=0.8.5 Source=file:/C:/Users/andre/.gradle/caches/modules-2/files-2.1/net.fabricmc/sponge-mixin/0.12.5+mixin.0.8.5/8d31fb97c3e0cd7c8dad3441851c523bcfae6d8e/sponge-mixin-0.12.5+mixin.0.8.5.jar Service=Knot/Fabric Env=CLIENT
[01:52:37] [main/INFO] (FabricLoader/Mixin) Loaded Fabric development mappings for mixin remapper!
[01:52:37] [main/INFO] (FabricLoader/Mixin) Compatibility level set to JAVA_17
[01:52:39] [main/ERROR] (FabricLoader) Minecraft has crashed!
net.fabricmc.loader.impl.FormattedException: java.lang.NoSuchMethodError: 'net.minecraft.resources.ResourceLocation net.minecraft.resources.ResourceKey.method_29177()'
	at net.fabricmc.loader.impl.FormattedException.ofLocalized(FormattedException.java:63) ~[fabric-loader-0.14.21.jar:?]
	at net.fabricmc.loader.impl.game.minecraft.MinecraftGameProvider.launch(MinecraftGameProvider.java:470) ~[fabric-loader-0.14.21.jar:?]
	at net.fabricmc.loader.impl.launch.knot.Knot.launch(Knot.java:74) [fabric-loader-0.14.21.jar:?]
	at net.fabricmc.loader.impl.launch.knot.KnotClient.main(KnotClient.java:23) [fabric-loader-0.14.21.jar:?]
	at net.fabricmc.devlaunchinjector.Main.main(Main.java:86) [dev-launch-injector-0.2.1+build.8.jar:?]
	at dev.architectury.transformer.TransformerRuntime.main(TransformerRuntime.java:219) [architectury-transformer-5.2.75-runtime.jar:5.2.75]
Caused by: java.lang.NoSuchMethodError: 'net.minecraft.resources.ResourceLocation net.minecraft.resources.ResourceKey.method_29177()'
	at net.minecraft.core.MappedRegistry.handler$zcj000$fabric-registry-sync-v0$setPre(MappedRegistry.java:683) ~[minecraft-project-@fabric-merged-named.jar:?]
	at net.minecraft.core.MappedRegistry.registerMapping(MappedRegistry.java) ~[minecraft-project-@fabric-merged-named.jar:?]
	at net.minecraft.core.MappedRegistry.registerMapping(MappedRegistry.java:87) ~[minecraft-project-@fabric-merged-named.jar:?]
	at net.minecraft.core.MappedRegistry.register(MappedRegistry.java:135) ~[minecraft-project-@fabric-merged-named.jar:?]
	at net.minecraft.core.Registry.internalRegister(Registry.java:389) ~[minecraft-project-@fabric-merged-named.jar:?]
	at net.minecraft.core.Registry.registerDefaulted(Registry.java:381) ~[minecraft-project-@fabric-merged-named.jar:?]
	at net.minecraft.core.Registry.registerDefaulted(Registry.java:365) ~[minecraft-project-@fabric-merged-named.jar:?]
	at net.minecraft.core.Registry.<clinit>(Registry.java:203) ~[minecraft-project-@fabric-merged-named.jar:?]
	at net.minecraft.server.Bootstrap.bootStrap(Bootstrap.java:50) ~[minecraft-project-@fabric-merged-named.jar:?]
	at net.minecraft.client.main.Main.run(Main.java:161) ~[minecraft-project-@fabric-merged-named.jar:?]
	at net.minecraft.client.main.Main.main(Main.java:51) ~[minecraft-project-@fabric-merged-named.jar:?]
	at net.fabricmc.loader.impl.game.minecraft.MinecraftGameProvider.launch(MinecraftGameProvider.java:468) ~[fabric-loader-0.14.21.jar:?]
	... 4 more
