[Architectury Transformer] Architectury Runtime 5.2.75
[Architectury Transformer DEBUG] Closed File Systems for F:\Minecraft Forge Projects\tiabremastered2\common\build\devlibs\tiabremastered-1.0-dev.jar
[Architectury Transformer DEBUG] Preparing tiny remapper prepared transformer: dev.architectury.transformer.handler.TinyRemapperPreparedTransformerHandler
[Architectury Transformer DEBUG] Provided 150 classpath jar(s):
[Architectury Transformer DEBUG]  - C:\Users\andre\.gradle\caches\modules-2\files-2.1\dev.architectury\architectury-injectables\1.0.10\62db2a366d662606d1b23ad02ccc3212ed37ec3\architectury-injectables-1.0.10.jar
[Architectury Transformer DEBUG]  - C:\Users\andre\.gradle\caches\modules-2\files-2.1\net.fabricmc\fabric-loader\0.14.21\960c8a415d93c128bfb630abbc3c7c9e1ba48637\fabric-loader-0.14.21.jar
[Architectury Transformer DEBUG]  - C:\Users\andre\.gradle\caches\modules-2\files-2.1\org.jetbrains\annotations\23.0.0\8cc20c07506ec18e0834947b84a864bfc094484e\annotations-23.0.0.jar
[Architectury Transformer DEBUG]  - C:\Users\andre\.gradle\caches\modules-2\files-2.1\net.fabricmc\tiny-mappings-parser\0.3.0+build.17\2f10540a290e382a7cd35c16ec3900046a4e252\tiny-mappings-parser-0.3.0+build.17.jar
[Architectury Transformer DEBUG]  - C:\Users\andre\.gradle\caches\modules-2\files-2.1\net.fabricmc\sponge-mixin\0.12.5+mixin.0.8.5\8d31fb97c3e0cd7c8dad3441851c523bcfae6d8e\sponge-mixin-0.12.5+mixin.0.8.5.jar
[Architectury Transformer DEBUG]  - C:\Users\andre\.gradle\caches\modules-2\files-2.1\net.fabricmc\tiny-remapper\0.8.2\2cc6565989469ec38893bfb7802b31c0d0d11ea0\tiny-remapper-0.8.2.jar
[Architectury Transformer DEBUG]  - C:\Users\andre\.gradle\caches\modules-2\files-2.1\net.fabricmc\access-widener\2.1.0\f62a27adbfd8ab4d4fa5681793039f2c0b177155\access-widener-2.1.0.jar
[Architectury Transformer DEBUG]  - C:\Users\andre\.gradle\caches\modules-2\files-2.1\org.ow2.asm\asm\9.5\dc6ea1875f4d64fbc85e1691c95b96a3d8569c90\asm-9.5.jar
[Architectury Transformer DEBUG]  - C:\Users\andre\.gradle\caches\modules-2\files-2.1\org.ow2.asm\asm-analysis\9.5\490bacc77de7cbc0be1a30bb3471072d705be4a4\asm-analysis-9.5.jar
[Architectury Transformer DEBUG]  - C:\Users\andre\.gradle\caches\modules-2\files-2.1\org.ow2.asm\asm-commons\9.5\19ab5b5800a3910d30d3a3e64fdb00fd0cb42de0\asm-commons-9.5.jar
[Architectury Transformer DEBUG]  - C:\Users\andre\.gradle\caches\modules-2\files-2.1\org.ow2.asm\asm-tree\9.5\fd33c8b6373abaa675be407082fdfda35021254a\asm-tree-9.5.jar
[Architectury Transformer DEBUG]  - C:\Users\andre\.gradle\caches\modules-2\files-2.1\org.ow2.asm\asm-util\9.5\64b5a1fc8c1b15ed2efd6a063e976bc8d3dc5ffe\asm-util-9.5.jar
[Architectury Transformer DEBUG]  - C:\Users\andre\.gradle\caches\modules-2\files-2.1\com.mojang\patchy\2.2.10\da05971b07cbb379d002cf7eaec6a2048211fefc\patchy-2.2.10.jar
[Architectury Transformer DEBUG]  - C:\Users\andre\.gradle\caches\modules-2\files-2.1\com.mojang\blocklist\1.0.10\5c685c5ffa94c4cd39496c7184c1d122e515ecef\blocklist-1.0.10.jar
[Architectury Transformer DEBUG]  - C:\Users\andre\.gradle\caches\modules-2\files-2.1\com.ibm.icu\icu4j\70.1\dfa3a1fbc55bf5db8c6e79fc0935ac7ab1202950\icu4j-70.1.jar
[Architectury Transformer DEBUG]  - C:\Users\andre\.gradle\caches\modules-2\files-2.1\org.apache.httpcomponents\httpclient\4.5.13\e5f6cae5ca7ecaac1ec2827a9e2d65ae2869cada\httpclient-4.5.13.jar
[Architectury Transformer DEBUG]  - C:\Users\andre\.gradle\caches\modules-2\files-2.1\commons-codec\commons-codec\1.15\49d94806b6e3dc933dacbd8acb0fdbab8ebd1e5d\commons-codec-1.15.jar
[Architectury Transformer DEBUG]  - C:\Users\andre\.gradle\caches\modules-2\files-2.1\org.apache.commons\commons-compress\1.21\4ec95b60d4e86b5c95a0e919cb172a0af98011ef\commons-compress-1.21.jar
[Architectury Transformer DEBUG]  - C:\Users\andre\.gradle\caches\modules-2\files-2.1\commons-logging\commons-logging\1.2\4bfc12adfe4842bf07b657f0369c4cb522955686\commons-logging-1.2.jar
[Architectury Transformer DEBUG]  - C:\Users\andre\.gradle\caches\modules-2\files-2.1\org.apache.httpcomponents\httpcore\4.4.14\9dd1a631c082d92ecd4bd8fd4cf55026c720a8c1\httpcore-4.4.14.jar
[Architectury Transformer DEBUG]  - C:\Users\andre\.gradle\caches\modules-2\files-2.1\org.lwjgl\lwjgl-jemalloc\3.3.1\a817bcf213db49f710603677457567c37d53e103\lwjgl-jemalloc-3.3.1.jar
[Architectury Transformer DEBUG]  - C:\Users\andre\.gradle\caches\modules-2\files-2.1\org.lwjgl\lwjgl-jemalloc\3.3.1\948a89b76a16aa324b046ae9308891216ffce5f9\lwjgl-jemalloc-3.3.1-natives-windows.jar
[Architectury Transformer DEBUG]  - C:\Users\andre\.gradle\caches\modules-2\files-2.1\org.lwjgl\lwjgl-jemalloc\3.3.1\fb476c8ec110e1c137ad3ce8a7f7bfe6b11c6324\lwjgl-jemalloc-3.3.1-natives-windows-x86.jar
[Architectury Transformer DEBUG]  - C:\Users\andre\.gradle\caches\modules-2\files-2.1\org.lwjgl\lwjgl-jemalloc\3.3.1\33dbb017b6ed6b25f993ad9d56741a49e7937718\lwjgl-jemalloc-3.3.1-natives-linux.jar
[Architectury Transformer DEBUG]  - C:\Users\andre\.gradle\caches\modules-2\files-2.1\org.lwjgl\lwjgl-jemalloc\3.3.1\56424dc8db3cfb8e7b594aa6d59a4f4387b7f544\lwjgl-jemalloc-3.3.1-natives-macos.jar
[Architectury Transformer DEBUG]  - C:\Users\andre\.gradle\caches\modules-2\files-2.1\org.lwjgl\lwjgl-jemalloc\3.3.1\e577b87d8ad2ade361aaea2fcf226c660b15dee8\lwjgl-jemalloc-3.3.1-natives-macos-arm64.jar
[Architectury Transformer DEBUG]  - C:\Users\andre\.gradle\caches\modules-2\files-2.1\org.lwjgl\lwjgl-jemalloc\3.3.1\cae85c4edb219c88b6a0c26a87955ad98dc9519d\lwjgl-jemalloc-3.3.1-natives-windows-arm64.jar
[Architectury Transformer DEBUG]  - C:\Users\andre\.gradle\caches\modules-2\files-2.1\org.lwjgl\lwjgl-openal\3.3.1\2623a6b8ae1dfcd880738656a9f0243d2e6840bd\lwjgl-openal-3.3.1.jar
[Architectury Transformer DEBUG]  - C:\Users\andre\.gradle\caches\modules-2\files-2.1\org.lwjgl\lwjgl-openal\3.3.1\30a474d0e57193d7bc128849a3ab66bc9316fdb1\lwjgl-openal-3.3.1-natives-windows.jar
[Architectury Transformer DEBUG]  - C:\Users\andre\.gradle\caches\modules-2\files-2.1\org.lwjgl\lwjgl-openal\3.3.1\888349f7b1be6fbae58bf8edfb9ef12def04c4e3\lwjgl-openal-3.3.1-natives-windows-x86.jar
[Architectury Transformer DEBUG]  - C:\Users\andre\.gradle\caches\modules-2\files-2.1\org.lwjgl\lwjgl-openal\3.3.1\f906b6439f6daa66001182ea7727e3467a93681b\lwjgl-openal-3.3.1-natives-linux.jar
[Architectury Transformer DEBUG]  - C:\Users\andre\.gradle\caches\modules-2\files-2.1\org.lwjgl\lwjgl-openal\3.3.1\3a57b8911835fb58b5e558d0ca0d28157e263d45\lwjgl-openal-3.3.1-natives-macos.jar
[Architectury Transformer DEBUG]  - C:\Users\andre\.gradle\caches\modules-2\files-2.1\org.lwjgl\lwjgl-openal\3.3.1\23d55e7490b57495320f6c9e1936d78fd72c4ef8\lwjgl-openal-3.3.1-natives-macos-arm64.jar
[Architectury Transformer DEBUG]  - C:\Users\andre\.gradle\caches\modules-2\files-2.1\org.lwjgl\lwjgl-openal\3.3.1\40d65f1a7368a2aa47336f9cb69f5a190cf9975a\lwjgl-openal-3.3.1-natives-windows-arm64.jar
[Architectury Transformer DEBUG]  - C:\Users\andre\.gradle\caches\modules-2\files-2.1\org.lwjgl\lwjgl-opengl\3.3.1\831a5533a21a5f4f81bbc51bb13e9899319b5411\lwjgl-opengl-3.3.1.jar
[Architectury Transformer DEBUG]  - C:\Users\andre\.gradle\caches\modules-2\files-2.1\org.lwjgl\lwjgl-opengl\3.3.1\c1807e9bd571402787d7e37e3029776ae2513bb8\lwjgl-opengl-3.3.1-natives-windows.jar
[Architectury Transformer DEBUG]  - C:\Users\andre\.gradle\caches\modules-2\files-2.1\org.lwjgl\lwjgl-opengl\3.3.1\deef3eb9b178ff2ff3ce893cc72ae741c3a17974\lwjgl-opengl-3.3.1-natives-windows-x86.jar
[Architectury Transformer DEBUG]  - C:\Users\andre\.gradle\caches\modules-2\files-2.1\org.lwjgl\lwjgl-opengl\3.3.1\ab9ab6fde3743e3550fa5d46d785ecb45b047d99\lwjgl-opengl-3.3.1-natives-linux.jar
[Architectury Transformer DEBUG]  - C:\Users\andre\.gradle\caches\modules-2\files-2.1\org.lwjgl\lwjgl-opengl\3.3.1\a0d12697ea019a7362eff26475b0531340e876a6\lwjgl-opengl-3.3.1-natives-macos.jar
[Architectury Transformer DEBUG]  - C:\Users\andre\.gradle\caches\modules-2\files-2.1\org.lwjgl\lwjgl-opengl\3.3.1\eafe34b871d966292e8db0f1f3d6b8b110d4e91d\lwjgl-opengl-3.3.1-natives-macos-arm64.jar
[Architectury Transformer DEBUG]  - C:\Users\andre\.gradle\caches\modules-2\files-2.1\org.lwjgl\lwjgl-opengl\3.3.1\527d78f1e9056aff3ed02ce93019c73c5e8f1721\lwjgl-opengl-3.3.1-natives-windows-arm64.jar
[Architectury Transformer DEBUG]  - C:\Users\andre\.gradle\caches\modules-2\files-2.1\org.lwjgl\lwjgl-glfw\3.3.1\cbac1b8d30cb4795149c1ef540f912671a8616d0\lwjgl-glfw-3.3.1.jar
[Architectury Transformer DEBUG]  - C:\Users\andre\.gradle\caches\modules-2\files-2.1\org.lwjgl\lwjgl-glfw\3.3.1\ed892f945cf7e79c8756796f32d00fa4ceaf573b\lwjgl-glfw-3.3.1-natives-windows.jar
[Architectury Transformer DEBUG]  - C:\Users\andre\.gradle\caches\modules-2\files-2.1\org.lwjgl\lwjgl-glfw\3.3.1\b997e3391d6ce8f05487e7335d95c606043884a1\lwjgl-glfw-3.3.1-natives-windows-x86.jar
[Architectury Transformer DEBUG]  - C:\Users\andre\.gradle\caches\modules-2\files-2.1\org.lwjgl\lwjgl-glfw\3.3.1\81716978214ecbda15050ca394b06ef61501a49e\lwjgl-glfw-3.3.1-natives-linux.jar
[Architectury Transformer DEBUG]  - C:\Users\andre\.gradle\caches\modules-2\files-2.1\org.lwjgl\lwjgl-glfw\3.3.1\9ec4ce1fc8c85fdef03ef4ff2aace6f5775fb280\lwjgl-glfw-3.3.1-natives-macos.jar
[Architectury Transformer DEBUG]  - C:\Users\andre\.gradle\caches\modules-2\files-2.1\org.lwjgl\lwjgl-glfw\3.3.1\cac0d3f712a3da7641fa174735a5f315de7ffe0a\lwjgl-glfw-3.3.1-natives-macos-arm64.jar
[Architectury Transformer DEBUG]  - C:\Users\andre\.gradle\caches\modules-2\files-2.1\org.lwjgl\lwjgl-glfw\3.3.1\beda65ee503443e60aa196d58ed31f8d001dc22a\lwjgl-glfw-3.3.1-natives-windows-arm64.jar
[Architectury Transformer DEBUG]  - C:\Users\andre\.gradle\caches\modules-2\files-2.1\org.lwjgl\lwjgl-stb\3.3.1\b119297cf8ed01f247abe8685857f8e7fcf5980f\lwjgl-stb-3.3.1.jar
[Architectury Transformer DEBUG]  - C:\Users\andre\.gradle\caches\modules-2\files-2.1\org.lwjgl\lwjgl-stb\3.3.1\86315914ac119efdb02dc9e8e978ade84f1702af\lwjgl-stb-3.3.1-natives-windows.jar
[Architectury Transformer DEBUG]  - C:\Users\andre\.gradle\caches\modules-2\files-2.1\org.lwjgl\lwjgl-stb\3.3.1\a8d41f419eecb430b7c91ea2ce2c5c451cae2091\lwjgl-stb-3.3.1-natives-windows-x86.jar
[Architectury Transformer DEBUG]  - C:\Users\andre\.gradle\caches\modules-2\files-2.1\org.lwjgl\lwjgl-stb\3.3.1\3ee7aec8686e52867677110415566a5342a80230\lwjgl-stb-3.3.1-natives-linux.jar
[Architectury Transformer DEBUG]  - C:\Users\andre\.gradle\caches\modules-2\files-2.1\org.lwjgl\lwjgl-stb\3.3.1\def8879b8d38a47a4cc1d48b1f9a7b772e51258e\lwjgl-stb-3.3.1-natives-macos.jar
[Architectury Transformer DEBUG]  - C:\Users\andre\.gradle\caches\modules-2\files-2.1\org.lwjgl\lwjgl-stb\3.3.1\fcf073ed911752abdca5f0b00a53cfdf17ff8e8b\lwjgl-stb-3.3.1-natives-macos-arm64.jar
[Architectury Transformer DEBUG]  - C:\Users\andre\.gradle\caches\modules-2\files-2.1\org.lwjgl\lwjgl-stb\3.3.1\fde63cdd2605c00636721a6c8b961e41d1f6b247\lwjgl-stb-3.3.1-natives-windows-arm64.jar
[Architectury Transformer DEBUG]  - C:\Users\andre\.gradle\caches\modules-2\files-2.1\org.lwjgl\lwjgl-tinyfd\3.3.1\ff1914111ef2e3e0110ef2dabc8d8cdaad82347\lwjgl-tinyfd-3.3.1.jar
[Architectury Transformer DEBUG]  - C:\Users\andre\.gradle\caches\modules-2\files-2.1\org.lwjgl\lwjgl-tinyfd\3.3.1\a5d830475ec0958d9fdba1559efa99aef211e6ff\lwjgl-tinyfd-3.3.1-natives-windows.jar
[Architectury Transformer DEBUG]  - C:\Users\andre\.gradle\caches\modules-2\files-2.1\org.lwjgl\lwjgl-tinyfd\3.3.1\842eedd876fae354abc308c98a263f6bbc9e8a4d\lwjgl-tinyfd-3.3.1-natives-windows-x86.jar
[Architectury Transformer DEBUG]  - C:\Users\andre\.gradle\caches\modules-2\files-2.1\org.lwjgl\lwjgl-tinyfd\3.3.1\a35110b9471bea8cde826ab297550ee8c22f5035\lwjgl-tinyfd-3.3.1-natives-linux.jar
[Architectury Transformer DEBUG]  - C:\Users\andre\.gradle\caches\modules-2\files-2.1\org.lwjgl\lwjgl-tinyfd\3.3.1\78641a0fa5e9afa714adfdd152c357930c97a1ce\lwjgl-tinyfd-3.3.1-natives-macos.jar
[Architectury Transformer DEBUG]  - C:\Users\andre\.gradle\caches\modules-2\files-2.1\org.lwjgl\lwjgl-tinyfd\3.3.1\972ecc17bad3571e81162153077b4d47b7b9eaa9\lwjgl-tinyfd-3.3.1-natives-macos-arm64.jar
[Architectury Transformer DEBUG]  - C:\Users\andre\.gradle\caches\modules-2\files-2.1\org.lwjgl\lwjgl-tinyfd\3.3.1\83a5e780df610829ff3a737822b4f931cffecd91\lwjgl-tinyfd-3.3.1-natives-windows-arm64.jar
[Architectury Transformer DEBUG]  - C:\Users\andre\.gradle\caches\modules-2\files-2.1\org.lwjgl\lwjgl\3.3.1\ae58664f88e18a9bb2c77b063833ca7aaec484cb\lwjgl-3.3.1.jar
[Architectury Transformer DEBUG]  - C:\Users\andre\.gradle\caches\modules-2\files-2.1\org.lwjgl\lwjgl\3.3.1\36c37f16ab611b3aa11f3bcf80b1d509b4ce6b\lwjgl-3.3.1-natives-windows.jar
[Architectury Transformer DEBUG]  - C:\Users\andre\.gradle\caches\modules-2\files-2.1\org.lwjgl\lwjgl\3.3.1\3b14f4beae9dd39791ec9e12190a9380cd8a3ce6\lwjgl-3.3.1-natives-windows-x86.jar
[Architectury Transformer DEBUG]  - C:\Users\andre\.gradle\caches\modules-2\files-2.1\org.lwjgl\lwjgl\3.3.1\1de885aba434f934201b99f2f1afb142036ac189\lwjgl-3.3.1-natives-linux.jar
[Architectury Transformer DEBUG]  - C:\Users\andre\.gradle\caches\modules-2\files-2.1\org.lwjgl\lwjgl\3.3.1\fc6bb723dec2cd031557dccb2a95f0ab80acb9db\lwjgl-3.3.1-natives-macos.jar
[Architectury Transformer DEBUG]  - C:\Users\andre\.gradle\caches\modules-2\files-2.1\org.lwjgl\lwjgl\3.3.1\71d0d5e469c9c95351eb949064497e3391616ac9\lwjgl-3.3.1-natives-macos-arm64.jar
[Architectury Transformer DEBUG]  - C:\Users\andre\.gradle\caches\modules-2\files-2.1\org.lwjgl\lwjgl\3.3.1\f46cadcf95675908fd3a550d63d9d709cb68998\lwjgl-3.3.1-natives-windows-arm64.jar
[Architectury Transformer DEBUG]  - C:\Users\andre\.gradle\caches\modules-2\files-2.1\com.mojang\text2speech\1.16.7\ee4095669061d1fe4bce5fea23d69d1520bc2d58\text2speech-1.16.7.jar
[Architectury Transformer DEBUG]  - C:\Users\andre\.gradle\caches\modules-2\files-2.1\ca.weblite\java-objc-bridge\1.1\1227f9e0666314f9de41477e3ec277e542ed7f7b\java-objc-bridge-1.1.jar
[Architectury Transformer DEBUG]  - F:\Minecraft Forge Projects\tiabremastered2\.gradle\loom-cache\1.19.2\loom.mappings.1_19_2.layered+hash.40359-v2\minecraft-project-@fabric-merged-named.jar
[Architectury Transformer DEBUG]  - C:\Users\andre\.gradle\caches\modules-2\files-2.1\com.mojang\logging\1.0.0\f6ca3b2eee0b80b384e8ed93d368faecb82dfb9b\logging-1.0.0.jar
[Architectury Transformer DEBUG]  - C:\Users\andre\.gradle\caches\modules-2\files-2.1\com.github.oshi\oshi-core\5.8.5\1d0ec654d820741327f5a9229d513732a4b7ce50\oshi-core-5.8.5.jar
[Architectury Transformer DEBUG]  - C:\Users\andre\.gradle\caches\modules-2\files-2.1\net.java.dev.jna\jna-platform\5.10.0\fbed7d9669dba47714ad0d4f4454290a997aee69\jna-platform-5.10.0.jar
[Architectury Transformer DEBUG]  - C:\Users\andre\.gradle\caches\modules-2\files-2.1\net.java.dev.jna\jna\5.10.0\7cf4c87dd802db50721db66947aa237d7ad09418\jna-5.10.0.jar
[Architectury Transformer DEBUG]  - C:\Users\andre\.gradle\caches\modules-2\files-2.1\org.apache.logging.log4j\log4j-slf4j18-impl\2.17.0\bd7f6c0b9224dd214afb4e684957e2349b529a8d\log4j-slf4j18-impl-2.17.0.jar
[Architectury Transformer DEBUG]  - C:\Users\andre\.gradle\caches\modules-2\files-2.1\com.mojang\datafixerupper\5.0.28\e2157e236e529aff80a5fc3ccb506e56d46b130b\datafixerupper-5.0.28.jar
[Architectury Transformer DEBUG]  - C:\Users\andre\.gradle\caches\modules-2\files-2.1\com.mojang\authlib\3.11.49\2e3055ec2a017c7f94b79744b4a68b65695a118c\authlib-3.11.49.jar
[Architectury Transformer DEBUG]  - C:\Users\andre\.gradle\caches\modules-2\files-2.1\org.slf4j\slf4j-api\1.8.0-beta4\83b0359d847ee053d745be7ec0d8e9e8a44304b4\slf4j-api-1.8.0-beta4.jar
[Architectury Transformer DEBUG]  - C:\Users\andre\.gradle\caches\modules-2\files-2.1\com.mojang\javabridge\1.2.24\c876796229b2ef5120f186eab5acc870699d3b9\javabridge-1.2.24.jar
[Architectury Transformer DEBUG]  - C:\Users\andre\.gradle\caches\modules-2\files-2.1\net.sf.jopt-simple\jopt-simple\5.0.4\4fdac2fbe92dfad86aa6e9301736f6b4342a3f5c\jopt-simple-5.0.4.jar
[Architectury Transformer DEBUG]  - C:\Users\andre\.gradle\caches\modules-2\files-2.1\io.netty\netty-handler\4.1.77.Final\47a81089de03635a27f509f3e4e13386ae1db275\netty-handler-4.1.77.Final.jar
[Architectury Transformer DEBUG]  - C:\Users\andre\.gradle\caches\modules-2\files-2.1\io.netty\netty-codec\4.1.77.Final\4efc5f59335301d6ba0d7cd31dd10651119b03c8\netty-codec-4.1.77.Final.jar
[Architectury Transformer DEBUG]  - C:\Users\andre\.gradle\caches\modules-2\files-2.1\io.netty\netty-transport-native-epoll\4.1.77.Final\8d10e9e138dac52172dd83229bdc89197100c723\netty-transport-native-epoll-4.1.77.Final-linux-x86_64.jar
[Architectury Transformer DEBUG]  - C:\Users\andre\.gradle\caches\modules-2\files-2.1\io.netty\netty-transport-native-epoll\4.1.77.Final\5f051599ced83e119ddeda891f471c0613721e5c\netty-transport-native-epoll-4.1.77.Final-linux-aarch_64.jar
[Architectury Transformer DEBUG]  - C:\Users\andre\.gradle\caches\modules-2\files-2.1\io.netty\netty-transport-classes-epoll\4.1.77.Final\dd70dbccbcf98382223a59044f3c08d8e9920cad\netty-transport-classes-epoll-4.1.77.Final.jar
[Architectury Transformer DEBUG]  - C:\Users\andre\.gradle\caches\modules-2\files-2.1\io.netty\netty-transport-native-unix-common\4.1.77.Final\c95d53486414b3270d08057957c5da8e0c37e4eb\netty-transport-native-unix-common-4.1.77.Final.jar
[Architectury Transformer DEBUG]  - C:\Users\andre\.gradle\caches\modules-2\files-2.1\io.netty\netty-transport\4.1.77.Final\2a3373bbd20d520c821f210bd5ee886788512043\netty-transport-4.1.77.Final.jar
[Architectury Transformer DEBUG]  - C:\Users\andre\.gradle\caches\modules-2\files-2.1\io.netty\netty-buffer\4.1.77.Final\d97571f99e5e739d86824d0df99f35d295276b5f\netty-buffer-4.1.77.Final.jar
[Architectury Transformer DEBUG]  - C:\Users\andre\.gradle\caches\modules-2\files-2.1\io.netty\netty-resolver\4.1.77.Final\4a239dbf8d8bb5f98aa51462c35011c0516395fd\netty-resolver-4.1.77.Final.jar
[Architectury Transformer DEBUG]  - C:\Users\andre\.gradle\caches\modules-2\files-2.1\io.netty\netty-common\4.1.77.Final\ea0fc20f4e6178966b9d62017b7fcb83dfe0e713\netty-common-4.1.77.Final.jar
[Architectury Transformer DEBUG]  - C:\Users\andre\.gradle\caches\modules-2\files-2.1\com.google.guava\guava\31.0.1-jre\119ea2b2bc205b138974d351777b20f02b92704b\guava-31.0.1-jre.jar
[Architectury Transformer DEBUG]  - C:\Users\andre\.gradle\caches\modules-2\files-2.1\com.google.guava\failureaccess\1.0.1\1dcf1de382a0bf95a3d8b0849546c88bac1292c9\failureaccess-1.0.1.jar
[Architectury Transformer DEBUG]  - C:\Users\andre\.gradle\caches\modules-2\files-2.1\org.apache.commons\commons-lang3\3.12.0\c6842c86792ff03b9f1d1fe2aab8dc23aa6c6f0e\commons-lang3-3.12.0.jar
[Architectury Transformer DEBUG]  - C:\Users\andre\.gradle\caches\modules-2\files-2.1\commons-io\commons-io\2.11.0\a2503f302b11ebde7ebc3df41daebe0e4eea3689\commons-io-2.11.0.jar
[Architectury Transformer DEBUG]  - C:\Users\andre\.gradle\caches\modules-2\files-2.1\com.mojang\brigadier\1.0.18\c1ef1234282716483c92183f49bef47b1a89bfa9\brigadier-1.0.18.jar
[Architectury Transformer DEBUG]  - C:\Users\andre\.gradle\caches\modules-2\files-2.1\com.google.code.gson\gson\2.8.9\8a432c1d6825781e21a02db2e2c33c5fde2833b9\gson-2.8.9.jar
[Architectury Transformer DEBUG]  - C:\Users\andre\.gradle\caches\modules-2\files-2.1\it.unimi.dsi\fastutil\8.5.6\76f95700418a68fbc4ac050525261f05dc681ca1\fastutil-8.5.6.jar
[Architectury Transformer DEBUG]  - C:\Users\andre\.gradle\caches\modules-2\files-2.1\org.apache.logging.log4j\log4j-core\2.17.0\fe6e7a32c1228884b9691a744f953a55d0dd8ead\log4j-core-2.17.0.jar
[Architectury Transformer DEBUG]  - C:\Users\andre\.gradle\caches\modules-2\files-2.1\org.apache.logging.log4j\log4j-api\2.17.0\bbd791e9c8c9421e45337c4fe0a10851c086e36c\log4j-api-2.17.0.jar
[Architectury Transformer DEBUG]  - F:\Minecraft Forge Projects\tiabremastered2\.gradle\loom-cache\remapped_mods\loom_mappings_1_19_2_layered_hash_40359_v2\net\fabricmc\fabric-api\fabric-api\0.76.0+1.19.2\fabric-api-0.76.0+1.19.2.jar
[Architectury Transformer DEBUG]  - F:\Minecraft Forge Projects\tiabremastered2\.gradle\loom-cache\remapped_mods\loom_mappings_1_19_2_layered_hash_40359_v2\net\fabricmc\fabric-api\fabric-transfer-api-v1\2.1.6+413cbbc790\fabric-transfer-api-v1-2.1.6+413cbbc790.jar
[Architectury Transformer DEBUG]  - F:\Minecraft Forge Projects\tiabremastered2\.gradle\loom-cache\remapped_mods\loom_mappings_1_19_2_layered_hash_40359_v2\net\fabricmc\fabric-api\fabric-api-lookup-api-v1\1.6.14+93d8cb8290\fabric-api-lookup-api-v1-1.6.14+93d8cb8290.jar
[Architectury Transformer DEBUG]  - F:\Minecraft Forge Projects\tiabremastered2\.gradle\loom-cache\remapped_mods\loom_mappings_1_19_2_layered_hash_40359_v2\net\fabricmc\fabric-api\fabric-blockrenderlayer-v1\1.1.25+cafc6e8e90\fabric-blockrenderlayer-v1-1.1.25+cafc6e8e90.jar
[Architectury Transformer DEBUG]  - F:\Minecraft Forge Projects\tiabremastered2\.gradle\loom-cache\remapped_mods\loom_mappings_1_19_2_layered_hash_40359_v2\net\fabricmc\fabric-api\fabric-client-tags-api-v1\1.0.5+b35fea8390\fabric-client-tags-api-v1-1.0.5+b35fea8390.jar
[Architectury Transformer DEBUG]  - F:\Minecraft Forge Projects\tiabremastered2\.gradle\loom-cache\remapped_mods\loom_mappings_1_19_2_layered_hash_40359_v2\net\fabricmc\fabric-api\fabric-command-api-v2\2.2.1+413cbbc790\fabric-command-api-v2-2.2.1+413cbbc790.jar
[Architectury Transformer DEBUG]  - F:\Minecraft Forge Projects\tiabremastered2\.gradle\loom-cache\remapped_mods\loom_mappings_1_19_2_layered_hash_40359_v2\net\fabricmc\fabric-api\fabric-content-registries-v0\3.5.2+7c6cd14d90\fabric-content-registries-v0-3.5.2+7c6cd14d90.jar
[Architectury Transformer DEBUG]  - F:\Minecraft Forge Projects\tiabremastered2\.gradle\loom-cache\remapped_mods\loom_mappings_1_19_2_layered_hash_40359_v2\net\fabricmc\fabric-api\fabric-convention-tags-v1\1.3.0+4bc6e26290\fabric-convention-tags-v1-1.3.0+4bc6e26290.jar
[Architectury Transformer DEBUG]  - F:\Minecraft Forge Projects\tiabremastered2\.gradle\loom-cache\remapped_mods\loom_mappings_1_19_2_layered_hash_40359_v2\net\fabricmc\fabric-api\fabric-data-generation-api-v1\5.3.8+413cbbc790\fabric-data-generation-api-v1-5.3.8+413cbbc790.jar
[Architectury Transformer DEBUG]  - F:\Minecraft Forge Projects\tiabremastered2\.gradle\loom-cache\remapped_mods\loom_mappings_1_19_2_layered_hash_40359_v2\net\fabricmc\fabric-api\fabric-dimensions-v1\2.1.35+0d0f210290\fabric-dimensions-v1-2.1.35+0d0f210290.jar
[Architectury Transformer DEBUG]  - F:\Minecraft Forge Projects\tiabremastered2\.gradle\loom-cache\remapped_mods\loom_mappings_1_19_2_layered_hash_40359_v2\net\fabricmc\fabric-api\fabric-entity-events-v1\1.5.4+9244241690\fabric-entity-events-v1-1.5.4+9244241690.jar
[Architectury Transformer DEBUG]  - F:\Minecraft Forge Projects\tiabremastered2\.gradle\loom-cache\remapped_mods\loom_mappings_1_19_2_layered_hash_40359_v2\net\fabricmc\fabric-api\fabric-events-interaction-v0\0.4.34+562bff6e90\fabric-events-interaction-v0-0.4.34+562bff6e90.jar
[Architectury Transformer DEBUG]  - F:\Minecraft Forge Projects\tiabremastered2\.gradle\loom-cache\remapped_mods\loom_mappings_1_19_2_layered_hash_40359_v2\net\fabricmc\fabric-api\fabric-gametest-api-v1\1.1.8+4d0d570390\fabric-gametest-api-v1-1.1.8+4d0d570390.jar
[Architectury Transformer DEBUG]  - F:\Minecraft Forge Projects\tiabremastered2\.gradle\loom-cache\remapped_mods\loom_mappings_1_19_2_layered_hash_40359_v2\net\fabricmc\fabric-api\fabric-item-api-v1\1.6.6+b7d1888890\fabric-item-api-v1-1.6.6+b7d1888890.jar
[Architectury Transformer DEBUG]  - F:\Minecraft Forge Projects\tiabremastered2\.gradle\loom-cache\remapped_mods\loom_mappings_1_19_2_layered_hash_40359_v2\net\fabricmc\fabric-api\fabric-item-groups-v0\0.3.39+9244241690\fabric-item-groups-v0-0.3.39+9244241690.jar
[Architectury Transformer DEBUG]  - F:\Minecraft Forge Projects\tiabremastered2\.gradle\loom-cache\remapped_mods\loom_mappings_1_19_2_layered_hash_40359_v2\net\fabricmc\fabric-api\fabric-mining-level-api-v1\2.1.24+33fbc73890\fabric-mining-level-api-v1-2.1.24+33fbc73890.jar
[Architectury Transformer DEBUG]  - F:\Minecraft Forge Projects\tiabremastered2\.gradle\loom-cache\remapped_mods\loom_mappings_1_19_2_layered_hash_40359_v2\net\fabricmc\fabric-api\fabric-lifecycle-events-v1\2.2.4+1b46dc7890\fabric-lifecycle-events-v1-2.2.4+1b46dc7890.jar
[Architectury Transformer DEBUG]  - F:\Minecraft Forge Projects\tiabremastered2\.gradle\loom-cache\remapped_mods\loom_mappings_1_19_2_layered_hash_40359_v2\net\fabricmc\fabric-api\fabric-loot-api-v2\1.1.13+83a8659290\fabric-loot-api-v2-1.1.13+83a8659290.jar
[Architectury Transformer DEBUG]  - F:\Minecraft Forge Projects\tiabremastered2\.gradle\loom-cache\remapped_mods\loom_mappings_1_19_2_layered_hash_40359_v2\net\fabricmc\fabric-api\fabric-message-api-v1\5.0.7+93d8cb8290\fabric-message-api-v1-5.0.7+93d8cb8290.jar
[Architectury Transformer DEBUG]  - F:\Minecraft Forge Projects\tiabremastered2\.gradle\loom-cache\remapped_mods\loom_mappings_1_19_2_layered_hash_40359_v2\net\fabricmc\fabric-api\fabric-models-v0\0.3.21+c6af733c90\fabric-models-v0-0.3.21+c6af733c90.jar
[Architectury Transformer DEBUG]  - F:\Minecraft Forge Projects\tiabremastered2\.gradle\loom-cache\remapped_mods\loom_mappings_1_19_2_layered_hash_40359_v2\net\fabricmc\fabric-api\fabric-recipe-api-v1\1.0.1+413cbbc790\fabric-recipe-api-v1-1.0.1+413cbbc790.jar
[Architectury Transformer DEBUG]  - F:\Minecraft Forge Projects\tiabremastered2\.gradle\loom-cache\remapped_mods\loom_mappings_1_19_2_layered_hash_40359_v2\net\fabricmc\fabric-api\fabric-registry-sync-v0\0.9.32+9244241690\fabric-registry-sync-v0-0.9.32+9244241690.jar
[Architectury Transformer DEBUG]  - F:\Minecraft Forge Projects\tiabremastered2\.gradle\loom-cache\remapped_mods\loom_mappings_1_19_2_layered_hash_40359_v2\net\fabricmc\fabric-api\fabric-screen-handler-api-v1\1.3.7+1cc24b1b90\fabric-screen-handler-api-v1-1.3.7+1cc24b1b90.jar
[Architectury Transformer DEBUG]  - F:\Minecraft Forge Projects\tiabremastered2\.gradle\loom-cache\remapped_mods\loom_mappings_1_19_2_layered_hash_40359_v2\net\fabricmc\fabric-api\fabric-networking-api-v1\1.2.11+10eb22f490\fabric-networking-api-v1-1.2.11+10eb22f490.jar
[Architectury Transformer DEBUG]  - F:\Minecraft Forge Projects\tiabremastered2\.gradle\loom-cache\remapped_mods\loom_mappings_1_19_2_layered_hash_40359_v2\net\fabricmc\fabric-api\fabric-object-builder-api-v1\4.2.2+d8ef690890\fabric-object-builder-api-v1-4.2.2+d8ef690890.jar
[Architectury Transformer DEBUG]  - F:\Minecraft Forge Projects\tiabremastered2\.gradle\loom-cache\remapped_mods\loom_mappings_1_19_2_layered_hash_40359_v2\net\fabricmc\fabric-api\fabric-particles-v1\1.0.14+4d0d570390\fabric-particles-v1-1.0.14+4d0d570390.jar
[Architectury Transformer DEBUG]  - F:\Minecraft Forge Projects\tiabremastered2\.gradle\loom-cache\remapped_mods\loom_mappings_1_19_2_layered_hash_40359_v2\net\fabricmc\fabric-api\fabric-renderer-indigo\0.8.0+1adbf27790\fabric-renderer-indigo-0.8.0+1adbf27790.jar
[Architectury Transformer DEBUG]  - F:\Minecraft Forge Projects\tiabremastered2\.gradle\loom-cache\remapped_mods\loom_mappings_1_19_2_layered_hash_40359_v2\net\fabricmc\fabric-api\fabric-renderer-api-v1\1.2.1+1adbf27790\fabric-renderer-api-v1-1.2.1+1adbf27790.jar
[Architectury Transformer DEBUG]  - F:\Minecraft Forge Projects\tiabremastered2\.gradle\loom-cache\remapped_mods\loom_mappings_1_19_2_layered_hash_40359_v2\net\fabricmc\fabric-api\fabric-rendering-data-attachment-v1\0.3.19+6e0787e690\fabric-rendering-data-attachment-v1-0.3.19+6e0787e690.jar
[Architectury Transformer DEBUG]  - F:\Minecraft Forge Projects\tiabremastered2\.gradle\loom-cache\remapped_mods\loom_mappings_1_19_2_layered_hash_40359_v2\net\fabricmc\fabric-api\fabric-rendering-fluids-v1\3.0.11+4d0d570390\fabric-rendering-fluids-v1-3.0.11+4d0d570390.jar
[Architectury Transformer DEBUG]  - F:\Minecraft Forge Projects\tiabremastered2\.gradle\loom-cache\remapped_mods\loom_mappings_1_19_2_layered_hash_40359_v2\net\fabricmc\fabric-api\fabric-rendering-v1\1.12.1+d8ef690890\fabric-rendering-v1-1.12.1+d8ef690890.jar
[Architectury Transformer DEBUG]  - F:\Minecraft Forge Projects\tiabremastered2\.gradle\loom-cache\remapped_mods\loom_mappings_1_19_2_layered_hash_40359_v2\net\fabricmc\fabric-api\fabric-screen-api-v1\1.0.32+4d0d570390\fabric-screen-api-v1-1.0.32+4d0d570390.jar
[Architectury Transformer DEBUG]  - F:\Minecraft Forge Projects\tiabremastered2\.gradle\loom-cache\remapped_mods\loom_mappings_1_19_2_layered_hash_40359_v2\net\fabricmc\fabric-api\fabric-textures-v0\1.0.24+aeb40ebe90\fabric-textures-v0-1.0.24+aeb40ebe90.jar
[Architectury Transformer DEBUG]  - F:\Minecraft Forge Projects\tiabremastered2\.gradle\loom-cache\remapped_mods\loom_mappings_1_19_2_layered_hash_40359_v2\net\fabricmc\fabric-api\fabric-api-base\0.4.15+8f4e8eb390\fabric-api-base-0.4.15+8f4e8eb390.jar
[Architectury Transformer DEBUG]  - F:\Minecraft Forge Projects\tiabremastered2\.gradle\loom-cache\remapped_mods\loom_mappings_1_19_2_layered_hash_40359_v2\net\fabricmc\fabric-api\fabric-biome-api-v1\9.1.1+16f1e31390\fabric-biome-api-v1-9.1.1+16f1e31390.jar
[Architectury Transformer DEBUG]  - F:\Minecraft Forge Projects\tiabremastered2\.gradle\loom-cache\remapped_mods\loom_mappings_1_19_2_layered_hash_40359_v2\net\fabricmc\fabric-api\fabric-block-api-v1\1.0.2+e415d50e90\fabric-block-api-v1-1.0.2+e415d50e90.jar
[Architectury Transformer DEBUG]  - F:\Minecraft Forge Projects\tiabremastered2\.gradle\loom-cache\remapped_mods\loom_mappings_1_19_2_layered_hash_40359_v2\net\fabricmc\fabric-api\fabric-crash-report-info-v1\0.2.8+aeb40ebe90\fabric-crash-report-info-v1-0.2.8+aeb40ebe90.jar
[Architectury Transformer DEBUG]  - F:\Minecraft Forge Projects\tiabremastered2\.gradle\loom-cache\remapped_mods\loom_mappings_1_19_2_layered_hash_40359_v2\net\fabricmc\fabric-api\fabric-game-rule-api-v1\1.0.24+b6b6abb490\fabric-game-rule-api-v1-1.0.24+b6b6abb490.jar
[Architectury Transformer DEBUG]  - F:\Minecraft Forge Projects\tiabremastered2\.gradle\loom-cache\remapped_mods\loom_mappings_1_19_2_layered_hash_40359_v2\net\fabricmc\fabric-api\fabric-key-binding-api-v1\1.0.25+5c4fce2890\fabric-key-binding-api-v1-1.0.25+5c4fce2890.jar
[Architectury Transformer DEBUG]  - F:\Minecraft Forge Projects\tiabremastered2\.gradle\loom-cache\remapped_mods\loom_mappings_1_19_2_layered_hash_40359_v2\net\fabricmc\fabric-api\fabric-resource-conditions-api-v1\2.1.2+aae9039d90\fabric-resource-conditions-api-v1-2.1.2+aae9039d90.jar
[Architectury Transformer DEBUG]  - F:\Minecraft Forge Projects\tiabremastered2\.gradle\loom-cache\remapped_mods\loom_mappings_1_19_2_layered_hash_40359_v2\net\fabricmc\fabric-api\fabric-resource-loader-v0\0.8.4+edbdcddb90\fabric-resource-loader-v0-0.8.4+edbdcddb90.jar
[Architectury Transformer DEBUG]  - F:\Minecraft Forge Projects\tiabremastered2\.gradle\loom-cache\remapped_mods\loom_mappings_1_19_2_layered_hash_40359_v2\net\fabricmc\fabric-api\fabric-sound-api-v1\1.0.2+c4f28df590\fabric-sound-api-v1-1.0.2+c4f28df590.jar
[Architectury Transformer DEBUG]  - F:\Minecraft Forge Projects\tiabremastered2\.gradle\loom-cache\remapped_mods\loom_mappings_1_19_2_layered_hash_40359_v2\net\fabricmc\fabric-api\fabric-transitive-access-wideners-v1\1.3.3+08b73de490\fabric-transitive-access-wideners-v1-1.3.3+08b73de490.jar
[Architectury Transformer DEBUG]  - F:\Minecraft Forge Projects\tiabremastered2\.gradle\loom-cache\remapped_mods\loom_mappings_1_19_2_layered_hash_40359_v2\net\fabricmc\fabric-loader\0.14.21\fabric-loader-0.14.21.jar
[Architectury Transformer DEBUG]  - C:\Users\andre\.gradle\caches\modules-2\files-2.1\com.google.guava\listenablefuture\9999.0-empty-to-avoid-conflict-with-guava\b421526c5f297295adef1c886e5246c39d4ac629\listenablefuture-9999.0-empty-to-avoid-conflict-with-guava.jar
[Architectury Transformer DEBUG]  - C:\Users\andre\.gradle\caches\modules-2\files-2.1\com.google.code.findbugs\jsr305\3.0.2\25ea2e8b0c338a877313bd4672d3fe056ea78f0d\jsr305-3.0.2.jar
[Architectury Transformer DEBUG]  - C:\Users\andre\.gradle\caches\modules-2\files-2.1\org.checkerframework\checker-qual\3.12.0\d5692f0526415fcc6de94bb5bfbd3afd9dd3b3e5\checker-qual-3.12.0.jar
[Architectury Transformer DEBUG]  - C:\Users\andre\.gradle\caches\modules-2\files-2.1\com.google.errorprone\error_prone_annotations\2.7.1\458d9042f7aa6fa9a634df902b37f544e15aacac\error_prone_annotations-2.7.1.jar
[Architectury Transformer DEBUG]  - C:\Users\andre\.gradle\caches\modules-2\files-2.1\com.google.j2objc\j2objc-annotations\1.3\ba035118bc8bac37d7eff77700720999acd9986d\j2objc-annotations-1.3.jar
[Architectury Transformer] Read classpath in 1.258 s
[Architectury Transformer DEBUG] Closed File Systems for F:\Minecraft Forge Projects\tiabremastered2\common\build\devlibs\tiabremastered-1.0-dev.jar
[Architectury Transformer DEBUG] Transforming 5 transformer(s) from F:\Minecraft Forge Projects\tiabremastered2\common\build\devlibs\tiabremastered-1.0-dev.jar to C:\Users\andre\AppData\Local\Temp\10080880631697772139.jar: 
[Architectury Transformer DEBUG]  - dev.architectury.transformer.transformers.RuntimeMixinRefmapDetector@5427c60c
[Architectury Transformer DEBUG]  - dev.architectury.transformer.transformers.GenerateFakeFabricMod@15bfd87
[Architectury Transformer DEBUG]  - dev.architectury.transformer.transformers.TransformExpectPlatform@543e710e
[Architectury Transformer DEBUG]  - dev.architectury.transformer.transformers.RemapInjectables@57f23557
[Architectury Transformer DEBUG]  - dev.architectury.transformer.transformers.TransformPlatformOnly@3d0f8e03
[Architectury Transformer DEBUG] Transforming from F:\Minecraft Forge Projects\tiabremastered2\common\build\devlibs\tiabremastered-1.0-dev.jar to C:\Users\andre\AppData\Local\Temp\10080880631697772139.jar with 5 transformer(s) on dev.architectury.transformer.handler.SimpleTransformerHandler
[Architectury Transformer DEBUG] Remapping with 1 mapping provider(s):
[Architectury Transformer DEBUG]  - dev.architectury.transformer.transformers.RemapInjectables$$Lambda$106/0x0000000800c2f000@133e16fd
[Architectury Transformer DEBUG] Remapping Classes:
[Architectury Transformer DEBUG] dev/architectury/injectables/targets/ArchitecturyTarget -> architectury_inject_tiabremastered2_fabric_80bd8376fff44741a7dcaa79ca70d246_12e5d1faa1f3b6cbd6d8cc6ce2da17357948805363c0c7dc846b5ddedd56cfc4tiabremastered10devjar/PlatformMethods
[Architectury Transformer DEBUG] Found class transformer
[Architectury Transformer DEBUG] Writing me/mangorage/tiabremastered/TIAB$1 with maxs=true frames=true
[Architectury Transformer DEBUG] Writing me/mangorage/tiabremastered/TIAB with maxs=true frames=true
[Architectury Transformer DEBUG] Writing me/mangorage/tiabremastered/common/core/ModPlatform with maxs=true frames=true
[Architectury Transformer DEBUG] Writing me/mangorage/tiabremastered/common/core/Util with maxs=true frames=true
[Architectury Transformer DEBUG] Writing me/mangorage/tiabremastered/common/core/Constants with maxs=true frames=true
[Architectury Transformer DEBUG] Writing me/mangorage/tiabremastered/common/core/registries/ModItems with maxs=true frames=true
[Architectury Transformer DEBUG] Writing me/mangorage/tiabremastered/common/core/tiab/ITIAB with maxs=true frames=true
[Architectury Transformer DEBUG] Writing me/mangorage/tiabremastered/common/core/tiab/BasicTiab with maxs=true frames=true
[Architectury Transformer DEBUG] Writing me/mangorage/tiabremastered/common/items/TimeInABottleItem with maxs=true frames=true
[Architectury Transformer DEBUG] Checking whether /tiabremastered-common.mixins.json is a mixin config.
[Architectury Transformer DEBUG] Closed File Systems for C:\Users\andre\AppData\Local\Temp\10080880631697772139.jar
[Architectury Transformer] Listening at F:\Minecraft Forge Projects\tiabremastered2\common\build\devlibs\tiabremastered-1.0-dev.jar
